<?xml version="1.0" encoding="UTF-8"?>
<!-- Generated by org.testng.reporters.JUnitReportReporter -->
<testsuite hostname="DESKTOP-LA5VBBU" failures="0" tests="1" name="testowanieObiektowe.tests.FailedLoginTest" time="3.171" errors="0" timestamp="2023-06-14T19:47:33 CEST" skipped="0">
  <testcase classname="testowanieObiektowe.tests.FailedLoginTest" name="tryToLogInWithWrongUsernameAndPassword" time="3.171"/>
  <system-out/>
</testsuite> <!-- testowanieObiektowe.tests.FailedLoginTest -->
